--------------------------------------------------------------------------------------------
      name:  <unnamed>
       log:  /Users/battou/Desktop/opioid_crisis/log.log
  log type:  text
 opened on:  10 Aug 2018, 12:30:03

. correlate upper_estimatedageadjusteddeathr prescription_rate_per100 
(obs=29,773)

             | upper_~r pres~100
-------------+------------------
upper_esti~r |   1.0000
prescrip~100 |   0.3270   1.0000


. correlate upper_estimatedageadjusteddeathr prescription_rate_per100 year 
(obs=29,773)

             | upper_~r pres~100     year
-------------+---------------------------
upper_esti~r |   1.0000
prescrip~100 |   0.3270   1.0000
        year |   0.4023  -0.0486   1.0000


. regress upper_estimatedageadjusteddeathr prescription_rate_per100

      Source |       SS           df       MS      Number of obs   =    29,773
-------------+----------------------------------   F(1, 29771)     =   3564.54
       Model |  102482.031         1  102482.031   Prob > F        =    0.0000
    Residual |   855929.17    29,771   28.750434   R-squared       =    0.1069
-------------+----------------------------------   Adj R-squared   =    0.1069
       Total |  958411.201    29,772  32.1916969   Root MSE        =    5.3619

------------------------------------------------------------------------------------------
upper_estimatedageadju~r |      Coef.   Std. Err.      t    P>|t|     [95% Conf. Interval]
-------------------------+----------------------------------------------------------------
prescription_rate_per100 |   .0405628   .0006794    59.70   0.000     .0392312    .0418945
                   _cons |   9.218404   .0663118   139.02   0.000      9.08843    9.348378
------------------------------------------------------------------------------------------

. regress upper_estimatedageadjusteddeathr prescription_rate_per100 year 

      Source |       SS           df       MS      Number of obs   =    29,773
-------------+----------------------------------   F(2, 29770)     =   5851.66
       Model |  270453.226         2  135226.613   Prob > F        =    0.0000
    Residual |  687957.975    29,770  23.1091023   R-squared       =    0.2822
-------------+----------------------------------   Adj R-squared   =    0.2821
       Total |  958411.201    29,772  32.1916969   Root MSE        =    4.8072

------------------------------------------------------------------------------------------
upper_estimatedageadju~r |      Coef.   Std. Err.      t    P>|t|     [95% Conf. Interval]
-------------------------+----------------------------------------------------------------
prescription_rate_per100 |   .0430882   .0006098    70.66   0.000     .0418929    .0442834
                    year |   .7503876   .0088016    85.26   0.000     .7331362    .7676391
                   _cons |  -1500.073   17.70312   -84.73   0.000    -1534.772   -1465.374
------------------------------------------------------------------------------------------

. log close
      name:  <unnamed>
       log:  /Users/battou/Desktop/opioid_crisis/log.log
  log type:  text
 closed on:  10 Aug 2018, 12:33:29
--------------------------------------------------------------------------------------------
